<?xml version="1.0" encoding="UTF-8"?>
<!-- Generated by org.testng.reporters.JUnitReportReporter -->
<testsuite hostname="Prabus-MacBook-Pro.local" name="dockerDemo.FFDemo" tests="1" failures="0" timestamp="20 Aug 2020 07:28:25 GMT" time="12.230" errors="0">
  <testcase name="FireFoxExecution" time="12.230" classname="dockerDemo.FFDemo"/>
</testsuite> <!-- dockerDemo.FFDemo -->
