<?xml version="1.0" encoding="UTF-8"?>
<!-- Generated by org.testng.reporters.JUnitReportReporter -->
<testsuite hostname="Prabus-MacBook-Pro.local" name="dockerDemo.ChromeDemo" tests="1" failures="0" timestamp="20 Aug 2020 07:28:25 GMT" time="7.721" errors="0">
  <testcase name="ChromeExecution" time="7.721" classname="dockerDemo.ChromeDemo"/>
</testsuite> <!-- dockerDemo.ChromeDemo -->
